07-Mar-2025 14:38:45.780 INFO [main] org.apache.catalina.startup.VersionLoggerListener.log Server version name:   Apache Tomcat/10.1.36
07-Mar-2025 14:38:45.794 INFO [main] org.apache.catalina.startup.VersionLoggerListener.log Server built:          Feb 13 2025 13:13:30 UTC
07-Mar-2025 14:38:45.794 INFO [main] org.apache.catalina.startup.VersionLoggerListener.log Server version number: 10.1.36.0
07-Mar-2025 14:38:45.795 INFO [main] org.apache.catalina.startup.VersionLoggerListener.log OS Name:               Windows 11
07-Mar-2025 14:38:45.795 INFO [main] org.apache.catalina.startup.VersionLoggerListener.log OS Version:            10.0
07-Mar-2025 14:38:45.795 INFO [main] org.apache.catalina.startup.VersionLoggerListener.log Architecture:          amd64
07-Mar-2025 14:38:45.795 INFO [main] org.apache.catalina.startup.VersionLoggerListener.log Java Home:             C:\Program Files\Java\jdk-23
07-Mar-2025 14:38:45.795 INFO [main] org.apache.catalina.startup.VersionLoggerListener.log JVM Version:           23.0.2+7-58
07-Mar-2025 14:38:45.796 INFO [main] org.apache.catalina.startup.VersionLoggerListener.log JVM Vendor:            Oracle Corporation
07-Mar-2025 14:38:45.796 INFO [main] org.apache.catalina.startup.VersionLoggerListener.log CATALINA_BASE:         D:\saapvaap\corejava\CoreJavaRepo\apache-tomcat-10.1.36\apache-tomcat-10.1.36
07-Mar-2025 14:38:45.796 INFO [main] org.apache.catalina.startup.VersionLoggerListener.log CATALINA_HOME:         D:\saapvaap\corejava\CoreJavaRepo\apache-tomcat-10.1.36\apache-tomcat-10.1.36
07-Mar-2025 14:38:45.816 INFO [main] org.apache.catalina.startup.VersionLoggerListener.log Command line argument: -Djava.util.logging.config.file=D:\saapvaap\corejava\CoreJavaRepo\apache-tomcat-10.1.36\apache-tomcat-10.1.36\conf\logging.properties
07-Mar-2025 14:38:45.816 INFO [main] org.apache.catalina.startup.VersionLoggerListener.log Command line argument: -Djava.util.logging.manager=org.apache.juli.ClassLoaderLogManager
07-Mar-2025 14:38:45.817 INFO [main] org.apache.catalina.startup.VersionLoggerListener.log Command line argument: -Djdk.tls.ephemeralDHKeySize=2048
07-Mar-2025 14:38:45.818 INFO [main] org.apache.catalina.startup.VersionLoggerListener.log Command line argument: -Djava.protocol.handler.pkgs=org.apache.catalina.webresources
07-Mar-2025 14:38:45.818 INFO [main] org.apache.catalina.startup.VersionLoggerListener.log Command line argument: -Dsun.io.useCanonCaches=false
07-Mar-2025 14:38:45.819 INFO [main] org.apache.catalina.startup.VersionLoggerListener.log Command line argument: --add-opens=java.base/java.lang=ALL-UNNAMED
07-Mar-2025 14:38:45.819 INFO [main] org.apache.catalina.startup.VersionLoggerListener.log Command line argument: --add-opens=java.base/java.io=ALL-UNNAMED
07-Mar-2025 14:38:45.819 INFO [main] org.apache.catalina.startup.VersionLoggerListener.log Command line argument: --add-opens=java.base/java.util=ALL-UNNAMED
07-Mar-2025 14:38:45.820 INFO [main] org.apache.catalina.startup.VersionLoggerListener.log Command line argument: --add-opens=java.base/java.util.concurrent=ALL-UNNAMED
07-Mar-2025 14:38:45.820 INFO [main] org.apache.catalina.startup.VersionLoggerListener.log Command line argument: --add-opens=java.rmi/sun.rmi.transport=ALL-UNNAMED
07-Mar-2025 14:38:45.820 INFO [main] org.apache.catalina.startup.VersionLoggerListener.log Command line argument: -Dcatalina.base=D:\saapvaap\corejava\CoreJavaRepo\apache-tomcat-10.1.36\apache-tomcat-10.1.36
07-Mar-2025 14:38:45.820 INFO [main] org.apache.catalina.startup.VersionLoggerListener.log Command line argument: -Dcatalina.home=D:\saapvaap\corejava\CoreJavaRepo\apache-tomcat-10.1.36\apache-tomcat-10.1.36
07-Mar-2025 14:38:45.821 INFO [main] org.apache.catalina.startup.VersionLoggerListener.log Command line argument: -Djava.io.tmpdir=D:\saapvaap\corejava\CoreJavaRepo\apache-tomcat-10.1.36\apache-tomcat-10.1.36\temp
07-Mar-2025 14:38:45.830 INFO [main] org.apache.catalina.core.AprLifecycleListener.lifecycleEvent The Apache Tomcat Native library which allows using OpenSSL was not found on the java.library.path: [C:\Program Files\Java\jdk-23\bin;C:\windows\Sun\Java\bin;C:\windows\system32;C:\windows;C:\Program Files (x86)\VMware\VMware Player\bin\;C:\Program Files\Common Files\Oracle\Java\javapath;C:\ProgramData\Oracle\Java\javapath;C:\windows\system32;C:\windows;C:\windows\System32\Wbem;C:\windows\System32\WindowsPowerShell\v1.0\;C:\windows\System32\OpenSSH\;E:\Flash Magic;C:\Program Files\Git\cmd;C:\Program Files\dotnet\;C:\Program Files\Graphviz\bin;C:\Program Files\Java\jdk-23\bin;C:\Program Files\MySQL\MySQL Shell 8.0\bin\;C:\Users\User\Downloads\python install\Scripts\;C:\Users\User\Downloads\python install\;C:\Users\User\AppData\Local\Microsoft\WindowsApps;C:\Users\User\AppData\Local\Programs\Microsoft VS Code\bin;C:\Users\User\AppData\Local\GitHubDesktop\bin;C:\ProgramData\User\GitHubDesktop\bin;C:\Program Files\JetBrains\PyCharm Community Edition 2023.3.3\bin;;C:\Users\User\AppData\Local\Programs\MiKTeX\miktex\bin\x64\;C:\Users\User\.dotnet\tools;C:\Users\User\intellij install\IntelliJ IDEA Community Edition 2024.3.2.2\bin;C:\Program Files (x86)\VMware\VMware Player\bin\;C:\Program Files\Common Files\Oracle\Java\javapath;C:\ProgramData\Oracle\Java\javapath;C:\windows\system32;C:\windows;C:\windows\System32\Wbem;C:\windows\System32\WindowsPowerShell\v1.0\;C:\windows\System32\OpenSSH\;E:\Flash Magic;C:\Program Files\Git\cmd;C:\Program Files\dotnet\;C:\Program Files\Graphviz\bin;C:\Program Files\Java\jdk-23\bin;;E:\Flash Magic;.]
07-Mar-2025 14:38:46.423 INFO [main] org.apache.coyote.AbstractProtocol.init Initializing ProtocolHandler ["http-nio-8080"]
07-Mar-2025 14:38:46.478 INFO [main] org.apache.catalina.startup.Catalina.load Server initialization in [1073] milliseconds
07-Mar-2025 14:38:46.612 INFO [main] org.apache.catalina.core.StandardService.startInternal Starting service [Catalina]
07-Mar-2025 14:38:46.613 INFO [main] org.apache.catalina.core.StandardEngine.startInternal Starting Servlet engine: [Apache Tomcat/10.1.36]
07-Mar-2025 14:38:46.629 INFO [main] org.apache.catalina.startup.HostConfig.deployDirectory Deploying web application directory [D:\saapvaap\corejava\CoreJavaRepo\apache-tomcat-10.1.36\apache-tomcat-10.1.36\webapps\docs]
07-Mar-2025 14:38:47.100 INFO [main] org.apache.catalina.startup.HostConfig.deployDirectory Deployment of web application directory [D:\saapvaap\corejava\CoreJavaRepo\apache-tomcat-10.1.36\apache-tomcat-10.1.36\webapps\docs] has finished in [469] ms
07-Mar-2025 14:38:47.101 INFO [main] org.apache.catalina.startup.HostConfig.deployDirectory Deploying web application directory [D:\saapvaap\corejava\CoreJavaRepo\apache-tomcat-10.1.36\apache-tomcat-10.1.36\webapps\examples]
07-Mar-2025 14:38:47.566 INFO [main] org.apache.catalina.startup.HostConfig.deployDirectory Deployment of web application directory [D:\saapvaap\corejava\CoreJavaRepo\apache-tomcat-10.1.36\apache-tomcat-10.1.36\webapps\examples] has finished in [465] ms
07-Mar-2025 14:38:47.566 INFO [main] org.apache.catalina.startup.HostConfig.deployDirectory Deploying web application directory [D:\saapvaap\corejava\CoreJavaRepo\apache-tomcat-10.1.36\apache-tomcat-10.1.36\webapps\host-manager]
07-Mar-2025 14:38:47.619 INFO [main] org.apache.catalina.startup.HostConfig.deployDirectory Deployment of web application directory [D:\saapvaap\corejava\CoreJavaRepo\apache-tomcat-10.1.36\apache-tomcat-10.1.36\webapps\host-manager] has finished in [53] ms
07-Mar-2025 14:38:47.620 INFO [main] org.apache.catalina.startup.HostConfig.deployDirectory Deploying web application directory [D:\saapvaap\corejava\CoreJavaRepo\apache-tomcat-10.1.36\apache-tomcat-10.1.36\webapps\manager]
07-Mar-2025 14:38:47.649 INFO [main] org.apache.catalina.startup.HostConfig.deployDirectory Deployment of web application directory [D:\saapvaap\corejava\CoreJavaRepo\apache-tomcat-10.1.36\apache-tomcat-10.1.36\webapps\manager] has finished in [29] ms
07-Mar-2025 14:38:47.649 INFO [main] org.apache.catalina.startup.HostConfig.deployDirectory Deploying web application directory [D:\saapvaap\corejava\CoreJavaRepo\apache-tomcat-10.1.36\apache-tomcat-10.1.36\webapps\ROOT]
07-Mar-2025 14:38:47.679 INFO [main] org.apache.catalina.startup.HostConfig.deployDirectory Deployment of web application directory [D:\saapvaap\corejava\CoreJavaRepo\apache-tomcat-10.1.36\apache-tomcat-10.1.36\webapps\ROOT] has finished in [30] ms
07-Mar-2025 14:38:47.685 INFO [main] org.apache.coyote.AbstractProtocol.start Starting ProtocolHandler ["http-nio-8080"]
07-Mar-2025 14:38:47.732 INFO [main] org.apache.catalina.startup.Catalina.start Server startup in [1251] milliseconds
07-Mar-2025 14:39:56.981 INFO [main] org.apache.catalina.core.StandardServer.await A valid shutdown command was received via the shutdown port. Stopping the Server instance.
07-Mar-2025 14:39:56.981 INFO [main] org.apache.coyote.AbstractProtocol.pause Pausing ProtocolHandler ["http-nio-8080"]
07-Mar-2025 14:39:56.991 INFO [main] org.apache.catalina.core.StandardService.stopInternal Stopping service [Catalina]
07-Mar-2025 14:39:57.156 INFO [main] org.apache.coyote.AbstractProtocol.stop Stopping ProtocolHandler ["http-nio-8080"]
07-Mar-2025 14:39:57.172 INFO [main] org.apache.coyote.AbstractProtocol.destroy Destroying ProtocolHandler ["http-nio-8080"]
07-Mar-2025 14:41:05.051 INFO [main] org.apache.catalina.startup.VersionLoggerListener.log Server version name:   Apache Tomcat/10.1.36
07-Mar-2025 14:41:05.059 INFO [main] org.apache.catalina.startup.VersionLoggerListener.log Server built:          Feb 13 2025 13:13:30 UTC
07-Mar-2025 14:41:05.060 INFO [main] org.apache.catalina.startup.VersionLoggerListener.log Server version number: 10.1.36.0
07-Mar-2025 14:41:05.060 INFO [main] org.apache.catalina.startup.VersionLoggerListener.log OS Name:               Windows 11
07-Mar-2025 14:41:05.061 INFO [main] org.apache.catalina.startup.VersionLoggerListener.log OS Version:            10.0
07-Mar-2025 14:41:05.061 INFO [main] org.apache.catalina.startup.VersionLoggerListener.log Architecture:          amd64
07-Mar-2025 14:41:05.062 INFO [main] org.apache.catalina.startup.VersionLoggerListener.log Java Home:             C:\Program Files\Java\jdk-23
07-Mar-2025 14:41:05.062 INFO [main] org.apache.catalina.startup.VersionLoggerListener.log JVM Version:           23.0.2+7-58
07-Mar-2025 14:41:05.062 INFO [main] org.apache.catalina.startup.VersionLoggerListener.log JVM Vendor:            Oracle Corporation
07-Mar-2025 14:41:05.063 INFO [main] org.apache.catalina.startup.VersionLoggerListener.log CATALINA_BASE:         D:\saapvaap\corejava\CoreJavaRepo\apache-tomcat-10.1.36\apache-tomcat-10.1.36
07-Mar-2025 14:41:05.063 INFO [main] org.apache.catalina.startup.VersionLoggerListener.log CATALINA_HOME:         D:\saapvaap\corejava\CoreJavaRepo\apache-tomcat-10.1.36\apache-tomcat-10.1.36
07-Mar-2025 14:41:05.086 INFO [main] org.apache.catalina.startup.VersionLoggerListener.log Command line argument: -Djava.util.logging.config.file=D:\saapvaap\corejava\CoreJavaRepo\apache-tomcat-10.1.36\apache-tomcat-10.1.36\conf\logging.properties
07-Mar-2025 14:41:05.086 INFO [main] org.apache.catalina.startup.VersionLoggerListener.log Command line argument: -Djava.util.logging.manager=org.apache.juli.ClassLoaderLogManager
07-Mar-2025 14:41:05.086 INFO [main] org.apache.catalina.startup.VersionLoggerListener.log Command line argument: -Djdk.tls.ephemeralDHKeySize=2048
07-Mar-2025 14:41:05.087 INFO [main] org.apache.catalina.startup.VersionLoggerListener.log Command line argument: -Djava.protocol.handler.pkgs=org.apache.catalina.webresources
07-Mar-2025 14:41:05.087 INFO [main] org.apache.catalina.startup.VersionLoggerListener.log Command line argument: -Dsun.io.useCanonCaches=false
07-Mar-2025 14:41:05.087 INFO [main] org.apache.catalina.startup.VersionLoggerListener.log Command line argument: --add-opens=java.base/java.lang=ALL-UNNAMED
07-Mar-2025 14:41:05.088 INFO [main] org.apache.catalina.startup.VersionLoggerListener.log Command line argument: --add-opens=java.base/java.io=ALL-UNNAMED
07-Mar-2025 14:41:05.088 INFO [main] org.apache.catalina.startup.VersionLoggerListener.log Command line argument: --add-opens=java.base/java.util=ALL-UNNAMED
07-Mar-2025 14:41:05.089 INFO [main] org.apache.catalina.startup.VersionLoggerListener.log Command line argument: --add-opens=java.base/java.util.concurrent=ALL-UNNAMED
07-Mar-2025 14:41:05.089 INFO [main] org.apache.catalina.startup.VersionLoggerListener.log Command line argument: --add-opens=java.rmi/sun.rmi.transport=ALL-UNNAMED
07-Mar-2025 14:41:05.089 INFO [main] org.apache.catalina.startup.VersionLoggerListener.log Command line argument: -Dcatalina.base=D:\saapvaap\corejava\CoreJavaRepo\apache-tomcat-10.1.36\apache-tomcat-10.1.36
07-Mar-2025 14:41:05.090 INFO [main] org.apache.catalina.startup.VersionLoggerListener.log Command line argument: -Dcatalina.home=D:\saapvaap\corejava\CoreJavaRepo\apache-tomcat-10.1.36\apache-tomcat-10.1.36
07-Mar-2025 14:41:05.090 INFO [main] org.apache.catalina.startup.VersionLoggerListener.log Command line argument: -Djava.io.tmpdir=D:\saapvaap\corejava\CoreJavaRepo\apache-tomcat-10.1.36\apache-tomcat-10.1.36\temp
07-Mar-2025 14:41:05.097 INFO [main] org.apache.catalina.core.AprLifecycleListener.lifecycleEvent The Apache Tomcat Native library which allows using OpenSSL was not found on the java.library.path: [C:\Program Files\Java\jdk-23\bin;C:\windows\Sun\Java\bin;C:\windows\system32;C:\windows;C:\Program Files (x86)\VMware\VMware Player\bin\;C:\Program Files\Common Files\Oracle\Java\javapath;C:\ProgramData\Oracle\Java\javapath;C:\windows\system32;C:\windows;C:\windows\System32\Wbem;C:\windows\System32\WindowsPowerShell\v1.0\;C:\windows\System32\OpenSSH\;E:\Flash Magic;C:\Program Files\Git\cmd;C:\Program Files\dotnet\;C:\Program Files\Graphviz\bin;C:\Program Files\Java\jdk-23\bin;C:\Program Files\MySQL\MySQL Shell 8.0\bin\;C:\Users\User\Downloads\python install\Scripts\;C:\Users\User\Downloads\python install\;C:\Users\User\AppData\Local\Microsoft\WindowsApps;C:\Users\User\AppData\Local\Programs\Microsoft VS Code\bin;C:\Users\User\AppData\Local\GitHubDesktop\bin;C:\ProgramData\User\GitHubDesktop\bin;C:\Program Files\JetBrains\PyCharm Community Edition 2023.3.3\bin;;C:\Users\User\AppData\Local\Programs\MiKTeX\miktex\bin\x64\;C:\Users\User\.dotnet\tools;C:\Users\User\intellij install\IntelliJ IDEA Community Edition 2024.3.2.2\bin;C:\Program Files (x86)\VMware\VMware Player\bin\;C:\Program Files\Common Files\Oracle\Java\javapath;C:\ProgramData\Oracle\Java\javapath;C:\windows\system32;C:\windows;C:\windows\System32\Wbem;C:\windows\System32\WindowsPowerShell\v1.0\;C:\windows\System32\OpenSSH\;E:\Flash Magic;C:\Program Files\Git\cmd;C:\Program Files\dotnet\;C:\Program Files\Graphviz\bin;C:\Program Files\Java\jdk-23\bin;;E:\Flash Magic;.]
07-Mar-2025 14:41:05.709 INFO [main] org.apache.coyote.AbstractProtocol.init Initializing ProtocolHandler ["http-nio-8080"]
07-Mar-2025 14:41:05.747 INFO [main] org.apache.catalina.startup.Catalina.load Server initialization in [1013] milliseconds
07-Mar-2025 14:41:05.827 INFO [main] org.apache.catalina.core.StandardService.startInternal Starting service [Catalina]
07-Mar-2025 14:41:05.827 INFO [main] org.apache.catalina.core.StandardEngine.startInternal Starting Servlet engine: [Apache Tomcat/10.1.36]
07-Mar-2025 14:41:05.838 INFO [main] org.apache.catalina.startup.HostConfig.deployDirectory Deploying web application directory [D:\saapvaap\corejava\CoreJavaRepo\apache-tomcat-10.1.36\apache-tomcat-10.1.36\webapps\docs]
07-Mar-2025 14:41:06.137 INFO [main] org.apache.catalina.startup.HostConfig.deployDirectory Deployment of web application directory [D:\saapvaap\corejava\CoreJavaRepo\apache-tomcat-10.1.36\apache-tomcat-10.1.36\webapps\docs] has finished in [299] ms
07-Mar-2025 14:41:06.138 INFO [main] org.apache.catalina.startup.HostConfig.deployDirectory Deploying web application directory [D:\saapvaap\corejava\CoreJavaRepo\apache-tomcat-10.1.36\apache-tomcat-10.1.36\webapps\examples]
07-Mar-2025 14:41:06.545 INFO [main] org.apache.catalina.startup.HostConfig.deployDirectory Deployment of web application directory [D:\saapvaap\corejava\CoreJavaRepo\apache-tomcat-10.1.36\apache-tomcat-10.1.36\webapps\examples] has finished in [407] ms
07-Mar-2025 14:41:06.546 INFO [main] org.apache.catalina.startup.HostConfig.deployDirectory Deploying web application directory [D:\saapvaap\corejava\CoreJavaRepo\apache-tomcat-10.1.36\apache-tomcat-10.1.36\webapps\host-manager]
07-Mar-2025 14:41:06.592 INFO [main] org.apache.catalina.startup.HostConfig.deployDirectory Deployment of web application directory [D:\saapvaap\corejava\CoreJavaRepo\apache-tomcat-10.1.36\apache-tomcat-10.1.36\webapps\host-manager] has finished in [46] ms
07-Mar-2025 14:41:06.593 INFO [main] org.apache.catalina.startup.HostConfig.deployDirectory Deploying web application directory [D:\saapvaap\corejava\CoreJavaRepo\apache-tomcat-10.1.36\apache-tomcat-10.1.36\webapps\manager]
07-Mar-2025 14:41:06.643 INFO [main] org.apache.catalina.startup.HostConfig.deployDirectory Deployment of web application directory [D:\saapvaap\corejava\CoreJavaRepo\apache-tomcat-10.1.36\apache-tomcat-10.1.36\webapps\manager] has finished in [50] ms
07-Mar-2025 14:41:06.644 INFO [main] org.apache.catalina.startup.HostConfig.deployDirectory Deploying web application directory [D:\saapvaap\corejava\CoreJavaRepo\apache-tomcat-10.1.36\apache-tomcat-10.1.36\webapps\ROOT]
07-Mar-2025 14:41:06.670 INFO [main] org.apache.catalina.startup.HostConfig.deployDirectory Deployment of web application directory [D:\saapvaap\corejava\CoreJavaRepo\apache-tomcat-10.1.36\apache-tomcat-10.1.36\webapps\ROOT] has finished in [26] ms
07-Mar-2025 14:41:06.675 INFO [main] org.apache.coyote.AbstractProtocol.start Starting ProtocolHandler ["http-nio-8080"]
07-Mar-2025 14:41:06.703 INFO [main] org.apache.catalina.startup.Catalina.start Server startup in [953] milliseconds
07-Mar-2025 14:58:41.722 INFO [Thread-1] org.apache.coyote.AbstractProtocol.pause Pausing ProtocolHandler ["http-nio-8080"]
07-Mar-2025 14:58:41.745 INFO [Thread-1] org.apache.catalina.core.StandardService.stopInternal Stopping service [Catalina]
07-Mar-2025 14:58:41.823 INFO [Thread-1] org.apache.coyote.AbstractProtocol.stop Stopping ProtocolHandler ["http-nio-8080"]
07-Mar-2025 14:58:41.835 INFO [Thread-1] org.apache.coyote.AbstractProtocol.destroy Destroying ProtocolHandler ["http-nio-8080"]
07-Mar-2025 15:05:44.835 INFO [main] org.apache.catalina.startup.VersionLoggerListener.log Server version name:   Apache Tomcat/10.1.36
07-Mar-2025 15:05:44.843 INFO [main] org.apache.catalina.startup.VersionLoggerListener.log Server built:          Feb 13 2025 13:13:30 UTC
07-Mar-2025 15:05:44.844 INFO [main] org.apache.catalina.startup.VersionLoggerListener.log Server version number: 10.1.36.0
07-Mar-2025 15:05:44.844 INFO [main] org.apache.catalina.startup.VersionLoggerListener.log OS Name:               Windows 11
07-Mar-2025 15:05:44.844 INFO [main] org.apache.catalina.startup.VersionLoggerListener.log OS Version:            10.0
07-Mar-2025 15:05:44.844 INFO [main] org.apache.catalina.startup.VersionLoggerListener.log Architecture:          amd64
07-Mar-2025 15:05:44.845 INFO [main] org.apache.catalina.startup.VersionLoggerListener.log Java Home:             C:\Program Files\Java\jdk-23
07-Mar-2025 15:05:44.845 INFO [main] org.apache.catalina.startup.VersionLoggerListener.log JVM Version:           23.0.2+7-58
07-Mar-2025 15:05:44.845 INFO [main] org.apache.catalina.startup.VersionLoggerListener.log JVM Vendor:            Oracle Corporation
07-Mar-2025 15:05:44.846 INFO [main] org.apache.catalina.startup.VersionLoggerListener.log CATALINA_BASE:         D:\saapvaap\corejava\CoreJavaRepo\apache-tomcat-10.1.36\apache-tomcat-10.1.36
07-Mar-2025 15:05:44.846 INFO [main] org.apache.catalina.startup.VersionLoggerListener.log CATALINA_HOME:         D:\saapvaap\corejava\CoreJavaRepo\apache-tomcat-10.1.36\apache-tomcat-10.1.36
07-Mar-2025 15:05:44.867 INFO [main] org.apache.catalina.startup.VersionLoggerListener.log Command line argument: -Djava.util.logging.config.file=D:\saapvaap\corejava\CoreJavaRepo\apache-tomcat-10.1.36\apache-tomcat-10.1.36\conf\logging.properties
07-Mar-2025 15:05:44.867 INFO [main] org.apache.catalina.startup.VersionLoggerListener.log Command line argument: -Djava.util.logging.manager=org.apache.juli.ClassLoaderLogManager
07-Mar-2025 15:05:44.867 INFO [main] org.apache.catalina.startup.VersionLoggerListener.log Command line argument: -Djdk.tls.ephemeralDHKeySize=2048
07-Mar-2025 15:05:44.868 INFO [main] org.apache.catalina.startup.VersionLoggerListener.log Command line argument: -Djava.protocol.handler.pkgs=org.apache.catalina.webresources
07-Mar-2025 15:05:44.868 INFO [main] org.apache.catalina.startup.VersionLoggerListener.log Command line argument: -Dsun.io.useCanonCaches=false
07-Mar-2025 15:05:44.868 INFO [main] org.apache.catalina.startup.VersionLoggerListener.log Command line argument: --add-opens=java.base/java.lang=ALL-UNNAMED
07-Mar-2025 15:05:44.869 INFO [main] org.apache.catalina.startup.VersionLoggerListener.log Command line argument: --add-opens=java.base/java.io=ALL-UNNAMED
07-Mar-2025 15:05:44.869 INFO [main] org.apache.catalina.startup.VersionLoggerListener.log Command line argument: --add-opens=java.base/java.util=ALL-UNNAMED
07-Mar-2025 15:05:44.869 INFO [main] org.apache.catalina.startup.VersionLoggerListener.log Command line argument: --add-opens=java.base/java.util.concurrent=ALL-UNNAMED
07-Mar-2025 15:05:44.870 INFO [main] org.apache.catalina.startup.VersionLoggerListener.log Command line argument: --add-opens=java.rmi/sun.rmi.transport=ALL-UNNAMED
07-Mar-2025 15:05:44.871 INFO [main] org.apache.catalina.startup.VersionLoggerListener.log Command line argument: -Dcatalina.base=D:\saapvaap\corejava\CoreJavaRepo\apache-tomcat-10.1.36\apache-tomcat-10.1.36
07-Mar-2025 15:05:44.871 INFO [main] org.apache.catalina.startup.VersionLoggerListener.log Command line argument: -Dcatalina.home=D:\saapvaap\corejava\CoreJavaRepo\apache-tomcat-10.1.36\apache-tomcat-10.1.36
07-Mar-2025 15:05:44.871 INFO [main] org.apache.catalina.startup.VersionLoggerListener.log Command line argument: -Djava.io.tmpdir=D:\saapvaap\corejava\CoreJavaRepo\apache-tomcat-10.1.36\apache-tomcat-10.1.36\temp
07-Mar-2025 15:05:44.880 INFO [main] org.apache.catalina.core.AprLifecycleListener.lifecycleEvent The Apache Tomcat Native library which allows using OpenSSL was not found on the java.library.path: [C:\Program Files\Java\jdk-23\bin;C:\windows\Sun\Java\bin;C:\windows\system32;C:\windows;C:\Program Files (x86)\VMware\VMware Player\bin\;C:\Program Files\Common Files\Oracle\Java\javapath;C:\ProgramData\Oracle\Java\javapath;C:\windows\system32;C:\windows;C:\windows\System32\Wbem;C:\windows\System32\WindowsPowerShell\v1.0\;C:\windows\System32\OpenSSH\;E:\Flash Magic;C:\Program Files\Git\cmd;C:\Program Files\dotnet\;C:\Program Files\Graphviz\bin;C:\Program Files\Java\jdk-23\bin;C:\Program Files\MySQL\MySQL Shell 8.0\bin\;C:\Users\User\Downloads\python install\Scripts\;C:\Users\User\Downloads\python install\;C:\Users\User\AppData\Local\Microsoft\WindowsApps;C:\Users\User\AppData\Local\Programs\Microsoft VS Code\bin;C:\Users\User\AppData\Local\GitHubDesktop\bin;C:\ProgramData\User\GitHubDesktop\bin;C:\Program Files\JetBrains\PyCharm Community Edition 2023.3.3\bin;;C:\Users\User\AppData\Local\Programs\MiKTeX\miktex\bin\x64\;C:\Users\User\.dotnet\tools;C:\Users\User\intellij install\IntelliJ IDEA Community Edition 2024.3.2.2\bin;C:\Program Files (x86)\VMware\VMware Player\bin\;C:\Program Files\Common Files\Oracle\Java\javapath;C:\ProgramData\Oracle\Java\javapath;C:\windows\system32;C:\windows;C:\windows\System32\Wbem;C:\windows\System32\WindowsPowerShell\v1.0\;C:\windows\System32\OpenSSH\;E:\Flash Magic;C:\Program Files\Git\cmd;C:\Program Files\dotnet\;C:\Program Files\Graphviz\bin;C:\Program Files\Java\jdk-23\bin;;E:\Flash Magic;.]
07-Mar-2025 15:05:45.432 INFO [main] org.apache.coyote.AbstractProtocol.init Initializing ProtocolHandler ["http-nio-8080"]
07-Mar-2025 15:05:45.460 INFO [main] org.apache.catalina.startup.Catalina.load Server initialization in [942] milliseconds
07-Mar-2025 15:05:45.512 INFO [main] org.apache.catalina.core.StandardService.startInternal Starting service [Catalina]
07-Mar-2025 15:05:45.513 INFO [main] org.apache.catalina.core.StandardEngine.startInternal Starting Servlet engine: [Apache Tomcat/10.1.36]
07-Mar-2025 15:05:45.524 INFO [main] org.apache.catalina.startup.HostConfig.deployDirectory Deploying web application directory [D:\saapvaap\corejava\CoreJavaRepo\apache-tomcat-10.1.36\apache-tomcat-10.1.36\webapps\Calculator]
07-Mar-2025 15:05:45.839 INFO [main] org.apache.catalina.startup.HostConfig.deployDirectory Deployment of web application directory [D:\saapvaap\corejava\CoreJavaRepo\apache-tomcat-10.1.36\apache-tomcat-10.1.36\webapps\Calculator] has finished in [315] ms
07-Mar-2025 15:05:45.840 INFO [main] org.apache.catalina.startup.HostConfig.deployDirectory Deploying web application directory [D:\saapvaap\corejava\CoreJavaRepo\apache-tomcat-10.1.36\apache-tomcat-10.1.36\webapps\docs]
07-Mar-2025 15:05:45.879 INFO [main] org.apache.catalina.startup.HostConfig.deployDirectory Deployment of web application directory [D:\saapvaap\corejava\CoreJavaRepo\apache-tomcat-10.1.36\apache-tomcat-10.1.36\webapps\docs] has finished in [40] ms
07-Mar-2025 15:05:45.879 INFO [main] org.apache.catalina.startup.HostConfig.deployDirectory Deploying web application directory [D:\saapvaap\corejava\CoreJavaRepo\apache-tomcat-10.1.36\apache-tomcat-10.1.36\webapps\examples]
07-Mar-2025 15:05:46.352 INFO [main] org.apache.catalina.startup.HostConfig.deployDirectory Deployment of web application directory [D:\saapvaap\corejava\CoreJavaRepo\apache-tomcat-10.1.36\apache-tomcat-10.1.36\webapps\examples] has finished in [472] ms
07-Mar-2025 15:05:46.352 INFO [main] org.apache.catalina.startup.HostConfig.deployDirectory Deploying web application directory [D:\saapvaap\corejava\CoreJavaRepo\apache-tomcat-10.1.36\apache-tomcat-10.1.36\webapps\host-manager]
07-Mar-2025 15:05:46.401 INFO [main] org.apache.catalina.startup.HostConfig.deployDirectory Deployment of web application directory [D:\saapvaap\corejava\CoreJavaRepo\apache-tomcat-10.1.36\apache-tomcat-10.1.36\webapps\host-manager] has finished in [48] ms
07-Mar-2025 15:05:46.401 INFO [main] org.apache.catalina.startup.HostConfig.deployDirectory Deploying web application directory [D:\saapvaap\corejava\CoreJavaRepo\apache-tomcat-10.1.36\apache-tomcat-10.1.36\webapps\manager]
07-Mar-2025 15:05:46.439 INFO [main] org.apache.catalina.startup.HostConfig.deployDirectory Deployment of web application directory [D:\saapvaap\corejava\CoreJavaRepo\apache-tomcat-10.1.36\apache-tomcat-10.1.36\webapps\manager] has finished in [37] ms
07-Mar-2025 15:05:46.439 INFO [main] org.apache.catalina.startup.HostConfig.deployDirectory Deploying web application directory [D:\saapvaap\corejava\CoreJavaRepo\apache-tomcat-10.1.36\apache-tomcat-10.1.36\webapps\ROOT]
07-Mar-2025 15:05:46.461 INFO [main] org.apache.catalina.startup.HostConfig.deployDirectory Deployment of web application directory [D:\saapvaap\corejava\CoreJavaRepo\apache-tomcat-10.1.36\apache-tomcat-10.1.36\webapps\ROOT] has finished in [21] ms
07-Mar-2025 15:05:46.465 INFO [main] org.apache.coyote.AbstractProtocol.start Starting ProtocolHandler ["http-nio-8080"]
07-Mar-2025 15:05:46.505 INFO [main] org.apache.catalina.startup.Catalina.start Server startup in [1044] milliseconds
